<?xml version="1.0" encoding="UTF-8"?>
<testsuite xmlns:xsi="http://www.w3.org/2001/XMLSchema-instance" xsi:noNamespaceSchemaLocation="https://maven.apache.org/surefire/maven-surefire-plugin/xsd/surefire-test-report.xsd" name="IC.ImageCatalogueTest" time="0.143" tests="26" errors="0" skipped="16" failures="10">
  <properties>
[...]
</properties>
  <testcase name="update10Test" classname="IC.ImageCatalogueTest" time="0.096">
    <failure message="Setup Clear Test Area could not complete" type="org.opentest4j.AssertionFailedError">org.opentest4j.AssertionFailedError: Setup Clear Test Area could not complete
	at IC.ImageCatalogueTest.init(ImageCatalogueTest.java:36)
</failure>
    <system-out><![CDATA[* Clear Test Area - Root Directory does not exist:R:/ICTEST                                                                                *
]]></system-out>
  </testcase>
  <testcase name="update11Test" classname="IC.ImageCatalogueTest" time="0">
    <skipped message="void IC.ImageCatalogueTest.update11Test() is @Disabled"/>
  </testcase>
  <testcase name="update12Test" classname="IC.ImageCatalogueTest" time="0">
    <skipped message="void IC.ImageCatalogueTest.update12Test() is @Disabled"/>
  </testcase>
  <testcase name="update13Test" classname="IC.ImageCatalogueTest" time="0">
    <skipped message="void IC.ImageCatalogueTest.update13Test() is @Disabled"/>
  </testcase>
  <testcase name="update14Test" classname="IC.ImageCatalogueTest" time="0">
    <skipped message="void IC.ImageCatalogueTest.update14Test() is @Disabled"/>
  </testcase>
  <testcase name="update15Test" classname="IC.ImageCatalogueTest" time="0">
    <skipped message="void IC.ImageCatalogueTest.update15Test() is @Disabled"/>
  </testcase>
  <testcase name="update16Test" classname="IC.ImageCatalogueTest" time="0">
    <skipped message="void IC.ImageCatalogueTest.update16Test() is @Disabled"/>
  </testcase>
  <testcase name="update17Test" classname="IC.ImageCatalogueTest" time="0">
    <skipped message="void IC.ImageCatalogueTest.update17Test() is @Disabled"/>
  </testcase>
  <testcase name="update18Test" classname="IC.ImageCatalogueTest" time="0">
    <skipped message="void IC.ImageCatalogueTest.update18Test() is @Disabled"/>
  </testcase>
  <testcase name="update19Test" classname="IC.ImageCatalogueTest" time="0">
    <skipped message="void IC.ImageCatalogueTest.update19Test() is @Disabled"/>
  </testcase>
  <testcase name="update20Test" classname="IC.ImageCatalogueTest" time="0">
    <skipped message="void IC.ImageCatalogueTest.update20Test() is @Disabled"/>
  </testcase>
  <testcase name="update21Test" classname="IC.ImageCatalogueTest" time="0">
    <skipped message="void IC.ImageCatalogueTest.update21Test() is @Disabled"/>
  </testcase>
  <testcase name="update22Test" classname="IC.ImageCatalogueTest" time="0">
    <skipped message="void IC.ImageCatalogueTest.update22Test() is @Disabled"/>
  </testcase>
  <testcase name="update23Test" classname="IC.ImageCatalogueTest" time="0">
    <skipped message="void IC.ImageCatalogueTest.update23Test() is @Disabled"/>
  </testcase>
  <testcase name="update24Test" classname="IC.ImageCatalogueTest" time="0">
    <skipped message="void IC.ImageCatalogueTest.update24Test() is @Disabled"/>
  </testcase>
  <testcase name="update25Test" classname="IC.ImageCatalogueTest" time="0">
    <skipped message="void IC.ImageCatalogueTest.update25Test() is @Disabled"/>
  </testcase>
  <testcase name="update1Test" classname="IC.ImageCatalogueTest" time="0.001">
    <failure message="Setup Clear Test Area could not complete" type="org.opentest4j.AssertionFailedError">org.opentest4j.AssertionFailedError: Setup Clear Test Area could not complete
	at IC.ImageCatalogueTest.init(ImageCatalogueTest.java:36)
</failure>
    <system-out><![CDATA[* Clear Test Area - Root Directory does not exist:R:/ICTEST                                                                                *
]]></system-out>
  </testcase>
  <testcase name="update2Test" classname="IC.ImageCatalogueTest" time="0.001">
    <failure message="Setup Clear Test Area could not complete" type="org.opentest4j.AssertionFailedError">org.opentest4j.AssertionFailedError: Setup Clear Test Area could not complete
	at IC.ImageCatalogueTest.init(ImageCatalogueTest.java:36)
</failure>
    <system-out><![CDATA[* Clear Test Area - Root Directory does not exist:R:/ICTEST                                                                                *
]]></system-out>
  </testcase>
  <testcase name="update3Test" classname="IC.ImageCatalogueTest" time="0.001">
    <failure message="Setup Clear Test Area could not complete" type="org.opentest4j.AssertionFailedError">org.opentest4j.AssertionFailedError: Setup Clear Test Area could not complete
	at IC.ImageCatalogueTest.init(ImageCatalogueTest.java:36)
</failure>
    <system-out><![CDATA[* Clear Test Area - Root Directory does not exist:R:/ICTEST                                                                                *
]]></system-out>
  </testcase>
  <testcase name="update4Test" classname="IC.ImageCatalogueTest" time="0.001">
    <failure message="Setup Clear Test Area could not complete" type="org.opentest4j.AssertionFailedError">org.opentest4j.AssertionFailedError: Setup Clear Test Area could not complete
	at IC.ImageCatalogueTest.init(ImageCatalogueTest.java:36)
</failure>
    <system-out><![CDATA[* Clear Test Area - Root Directory does not exist:R:/ICTEST                                                                                *
]]></system-out>
  </testcase>
  <testcase name="update5Test" classname="IC.ImageCatalogueTest" time="0.001">
    <failure message="Setup Clear Test Area could not complete" type="org.opentest4j.AssertionFailedError">org.opentest4j.AssertionFailedError: Setup Clear Test Area could not complete
	at IC.ImageCatalogueTest.init(ImageCatalogueTest.java:36)
</failure>
    <system-out><![CDATA[* Clear Test Area - Root Directory does not exist:R:/ICTEST                                                                                *
]]></system-out>
  </testcase>
  <testcase name="update6Test" classname="IC.ImageCatalogueTest" time="0.001">
    <failure message="Setup Clear Test Area could not complete" type="org.opentest4j.AssertionFailedError">org.opentest4j.AssertionFailedError: Setup Clear Test Area could not complete
	at IC.ImageCatalogueTest.init(ImageCatalogueTest.java:36)
</failure>
    <system-out><![CDATA[* Clear Test Area - Root Directory does not exist:R:/ICTEST                                                                                *
]]></system-out>
  </testcase>
  <testcase name="update7Test" classname="IC.ImageCatalogueTest" time="0.001">
    <failure message="Setup Clear Test Area could not complete" type="org.opentest4j.AssertionFailedError">org.opentest4j.AssertionFailedError: Setup Clear Test Area could not complete
	at IC.ImageCatalogueTest.init(ImageCatalogueTest.java:36)
</failure>
    <system-out><![CDATA[* Clear Test Area - Root Directory does not exist:R:/ICTEST                                                                                *
]]></system-out>
  </testcase>
  <testcase name="update8Test" classname="IC.ImageCatalogueTest" time="0.001">
    <failure message="Setup Clear Test Area could not complete" type="org.opentest4j.AssertionFailedError">org.opentest4j.AssertionFailedError: Setup Clear Test Area could not complete
	at IC.ImageCatalogueTest.init(ImageCatalogueTest.java:36)
</failure>
    <system-out><![CDATA[* Clear Test Area - Root Directory does not exist:R:/ICTEST                                                                                *
]]></system-out>
  </testcase>
  <testcase name="update9Test" classname="IC.ImageCatalogueTest" time="0.001">
    <failure message="Setup Clear Test Area could not complete" type="org.opentest4j.AssertionFailedError">org.opentest4j.AssertionFailedError: Setup Clear Test Area could not complete
	at IC.ImageCatalogueTest.init(ImageCatalogueTest.java:36)
</failure>
    <system-out><![CDATA[* Clear Test Area - Root Directory does not exist:R:/ICTEST                                                                                *
]]></system-out>
  </testcase>
  <testcase name="distance_Between_LatLongTest" classname="IC.ImageCatalogueTest" time="0">
    <skipped message="void IC.ImageCatalogueTest.distance_Between_LatLongTest() is @Disabled"/>
  </testcase>
</testsuite>